<?xml version="1.0" encoding="UTF-8"?>
<testng-results ignored="2" total="3" passed="1" failed="0" skipped="0">
  <reporter-output>
  </reporter-output>
  <suite started-at="2022-06-19T15:04:00 IST" name="Default suite" finished-at="2022-06-19T15:04:14 IST" duration-ms="14556">
    <groups>
    </groups>
    <test started-at="2022-06-19T15:04:00 IST" name="Default test" finished-at="2022-06-19T15:04:14 IST" duration-ms="14556">
      <class name="test.ZerodhaHomePagetest">
        <test-method is-config="true" signature="extentReports()[pri:0, instance:test.ZerodhaHomePagetest@36916eb0]" started-at="2022-06-19T15:04:00 IST" name="extentReports" finished-at="2022-06-19T15:04:00 IST" duration-ms="257" status="PASS">
          <reporter-output>
          </reporter-output>
        </test-method> <!-- extentReports -->
        <test-method is-config="true" signature="openBrowser()[pri:0, instance:test.ZerodhaHomePagetest@36916eb0]" started-at="2022-06-19T15:04:00 IST" name="openBrowser" finished-at="2022-06-19T15:04:06 IST" duration-ms="6024" status="PASS">
          <reporter-output>
          </reporter-output>
        </test-method> <!-- openBrowser -->
        <test-method signature="homepageBuyandselltest()[pri:0, instance:test.ZerodhaHomePagetest@36916eb0]" started-at="2022-06-19T15:04:06 IST" name="homepageBuyandselltest" finished-at="2022-06-19T15:04:14 IST" duration-ms="7885" status="PASS">
          <reporter-output>
          </reporter-output>
        </test-method> <!-- homepageBuyandselltest -->
        <test-method is-config="true" signature="closebrowser(org.testng.ITestResult)[pri:0, instance:test.ZerodhaHomePagetest@36916eb0]" started-at="2022-06-19T15:04:14 IST" name="closebrowser" finished-at="2022-06-19T15:04:14 IST" duration-ms="9" status="PASS">
          <params>
            <param index="0">
              <value>
                <![CDATA[[TestResult name=homepageBuyandselltest status=SUCCESS method=ZerodhaHomePagetest.homepageBuyandselltest()[pri:0, instance:test.ZerodhaHomePagetest@36916eb0] output={null}]]]>
              </value>
            </param>
          </params>
          <reporter-output>
          </reporter-output>
        </test-method> <!-- closebrowser -->
        <test-method is-config="true" signature="flushresult()[pri:0, instance:test.ZerodhaHomePagetest@36916eb0]" started-at="2022-06-19T15:04:14 IST" name="flushresult" finished-at="2022-06-19T15:04:14 IST" duration-ms="352" status="PASS">
          <reporter-output>
          </reporter-output>
        </test-method> <!-- flushresult -->
      </class> <!-- test.ZerodhaHomePagetest -->
    </test> <!-- Default test -->
  </suite> <!-- Default suite -->
</testng-results>
