<?xml version="1.0" encoding="UTF-8"?>
<!-- Generated by org.testng.reporters.JUnitXMLReporter -->
<testsuite ignored="2" hostname="DESKTOP-QMGPC7Q" failures="0" tests="1" name="Default test" time="14.556" errors="0" timestamp="2022-06-19T15:04:14 IST">
  <testcase classname="test.ZerodhaHomePagetest" name="homepageBuyandselltest" time="7.885"/>
  <testcase classname="test.ZerodhaHomePagetest" name="homepagebuyfromwatchlisttest" time="0.0">
    <ignored/>
  </testcase> <!-- homepagebuyfromwatchlisttest -->
  <testcase classname="test.ZerodhaHomePagetest" name="homePageChartCheckfromWatchlist" time="0.0">
    <ignored/>
  </testcase> <!-- homePageChartCheckfromWatchlist -->
</testsuite> <!-- Default test -->
